<?xml version="1.0" encoding="UTF-8"?>
<testng-results skipped="0" failed="0" total="1" passed="1">
  <reporter-output>
  </reporter-output>
  <suite name="Default suite" duration-ms="23779" started-at="2020-04-19T07:28:06Z" finished-at="2020-04-19T07:28:30Z">
    <groups>
    </groups>
    <test name="Default test" duration-ms="23779" started-at="2020-04-19T07:28:06Z" finished-at="2020-04-19T07:28:30Z">
      <class name="TestClass">
        <test-method status="PASS" signature="beforeClass()[pri:0, instance:TestClass@215be6bb]" name="beforeClass" is-config="true" duration-ms="8465" started-at="2020-04-19T12:58:06Z" finished-at="2020-04-19T12:58:14Z">
          <reporter-output>
          </reporter-output>
        </test-method> <!-- beforeClass -->
        <test-method status="PASS" signature="testcase1()[pri:0, instance:TestClass@215be6bb]" name="testcase1" duration-ms="15286" started-at="2020-04-19T12:58:14Z" finished-at="2020-04-19T12:58:30Z">
          <reporter-output>
          </reporter-output>
        </test-method> <!-- testcase1 -->
      </class> <!-- TestClass -->
    </test> <!-- Default test -->
  </suite> <!-- Default suite -->
</testng-results>
