<?xml version="1.0" encoding="UTF-8"?>
<testng-results skipped="0" failed="0" total="1" passed="1">
  <reporter-output>
  </reporter-output>
  <suite name="Default suite" duration-ms="27540" started-at="2020-04-19T06:19:59Z" finished-at="2020-04-19T06:20:27Z">
    <groups>
    </groups>
    <test name="Default test" duration-ms="27540" started-at="2020-04-19T06:19:59Z" finished-at="2020-04-19T06:20:27Z">
      <class name="TestClass">
        <test-method status="PASS" signature="beforeClass()[pri:0, instance:TestClass@215be6bb]" name="beforeClass" is-config="true" duration-ms="8791" started-at="2020-04-19T11:49:59Z" finished-at="2020-04-19T11:50:08Z">
          <reporter-output>
          </reporter-output>
        </test-method> <!-- beforeClass -->
        <test-method status="PASS" signature="testcase1()[pri:0, instance:TestClass@215be6bb]" name="testcase1" duration-ms="18705" started-at="2020-04-19T11:50:08Z" finished-at="2020-04-19T11:50:27Z">
          <reporter-output>
          </reporter-output>
        </test-method> <!-- testcase1 -->
      </class> <!-- TestClass -->
    </test> <!-- Default test -->
  </suite> <!-- Default suite -->
</testng-results>
